<?xml version="1.0" encoding="UTF-8"?>
<testsuite name="task16.ComparatorsTest" tests="4" skipped="0" failures="0" errors="0" timestamp="2023-09-20T15:26:04" hostname="DESKTOP-8L4B6V9" time="0.053">
  <properties/>
  <testcase name="sortByTitleByAuthorTest()" classname="task16.ComparatorsTest" time="0.041"/>
  <testcase name="sortByTitleTest()" classname="task16.ComparatorsTest" time="0.002"/>
  <testcase name="sortByAuthorByTitleTest()" classname="task16.ComparatorsTest" time="0.003"/>
  <testcase name="sortByAuthorByTitleByPriceTest()" classname="task16.ComparatorsTest" time="0.003"/>
  <system-out><![CDATA[]]></system-out>
  <system-err><![CDATA[]]></system-err>
</testsuite>
